  OpenPulseConverterSingleton.cpp
C:\Users\15054\Documents\GitHub\OpenPulseConverter\src\OpenPulseConverterSingleton.cpp(118,53): warning C4244: 'initializing': conversion from 'double' to 'int', possible loss of data
C:\Users\15054\Documents\GitHub\OpenPulseConverter\src\OpenPulseConverterSingleton.cpp(338,35): warning C4244: 'initializing': conversion from 'float' to 'int', possible loss of data
C:\Users\15054\Documents\GitHub\OpenPulseConverter\src\OpenPulseConverterSingleton.cpp(339,34): warning C4244: 'initializing': conversion from 'float' to 'int', possible loss of data
C:\Users\15054\Documents\GitHub\OpenPulseConverter\src\OpenPulseConverterSingleton.cpp(515,35): warning C4244: 'initializing': conversion from 'float' to 'int', possible loss of data
C:\Users\15054\Documents\GitHub\OpenPulseConverter\src\OpenPulseConverterSingleton.cpp(516,34): warning C4244: 'initializing': conversion from 'float' to 'int', possible loss of data
C:\Program Files (x86)\Microsoft Visual Studio\2019\BuildTools\VC\Tools\MSVC\14.29.30133\include\xstring(2541,23): warning C4244: 'argument': conversion from 'wchar_t' to 'const _Elem', possible loss of data
          with
          [
              _Elem=char
          ]
C:\Program Files (x86)\Microsoft Visual Studio\2019\BuildTools\VC\Tools\MSVC\14.29.30133\include\xstring(2552): message : see reference to function template instantiation 'void std::basic_string<char,std::char_traits<char>,std::allocator<char>>::_Construct<wchar_t*>(_Iter,const _Iter,std::input_iterator_tag)' being compiled
          with
          [
              _Iter=wchar_t *
          ]
C:\Program Files (x86)\Microsoft Visual Studio\2019\BuildTools\VC\Tools\MSVC\14.29.30133\include\xstring(2552): message : see reference to function template instantiation 'void std::basic_string<char,std::char_traits<char>,std::allocator<char>>::_Construct<wchar_t*>(_Iter,const _Iter,std::input_iterator_tag)' being compiled
          with
          [
              _Iter=wchar_t *
          ]
C:\Program Files (x86)\Microsoft Visual Studio\2019\BuildTools\VC\Tools\MSVC\14.29.30133\include\xstring(2532): message : see reference to function template instantiation 'void std::basic_string<char,std::char_traits<char>,std::allocator<char>>::_Construct<wchar_t*>(const _Iter,const _Iter,std::forward_iterator_tag)' being compiled
          with
          [
              _Iter=wchar_t *
          ]
C:\Program Files (x86)\Microsoft Visual Studio\2019\BuildTools\VC\Tools\MSVC\14.29.30133\include\xstring(2532): message : see reference to function template instantiation 'void std::basic_string<char,std::char_traits<char>,std::allocator<char>>::_Construct<wchar_t*>(const _Iter,const _Iter,std::forward_iterator_tag)' being compiled
          with
          [
              _Iter=wchar_t *
          ]
C:\Users\15054\Documents\GitHub\OpenPulseConverter\src\OpenPulseConverterSingleton.cpp(122): message : see reference to function template instantiation 'std::basic_string<char,std::char_traits<char>,std::allocator<char>>::basic_string<std::_String_iterator<std::_String_val<std::_Simple_types<_Elem>>>,0>(_Iter,_Iter,const _Alloc &)' being compiled
          with
          [
              _Elem=wchar_t,
              _Iter=std::_String_iterator<std::_String_val<std::_Simple_types<wchar_t>>>,
              _Alloc=std::allocator<char>
          ]
C:\Users\15054\Documents\GitHub\OpenPulseConverter\src\OpenPulseConverterSingleton.cpp(122): message : see reference to function template instantiation 'std::basic_string<char,std::char_traits<char>,std::allocator<char>>::basic_string<std::_String_iterator<std::_String_val<std::_Simple_types<_Elem>>>,0>(_Iter,_Iter,const _Alloc &)' being compiled
          with
          [
              _Elem=wchar_t,
              _Iter=std::_String_iterator<std::_String_val<std::_Simple_types<wchar_t>>>,
              _Alloc=std::allocator<char>
          ]
C:\Users\15054\Documents\GitHub\OpenPulseConverter\src\OpenPulseConverterSingleton.cpp(115): warning C4172: returning address of local variable or temporary
C:\Users\15054\Documents\GitHub\OpenPulseConverter\src\OpenPulseConverterSingleton.cpp(111): warning C4172: returning address of local variable or temporary
  OpenPulseConverter.vcxproj -> C:\Users\15054\Documents\GitHub\OpenPulseConverter\build\Debug\OpenPulseConverter.exe
